<?xml version="1.0" encoding="UTF-8"?>
<testng-results ignored="0" total="1" passed="1" failed="0" skipped="0">
  <reporter-output>
  </reporter-output>
  <suite started-at="2020-09-01T11:18:27 IST" name="Default suite" finished-at="2020-09-01T11:19:35 IST" duration-ms="68337">
    <groups>
    </groups>
    <test started-at="2020-09-01T11:18:27 IST" name="Default test" finished-at="2020-09-01T11:19:35 IST" duration-ms="68337">
      <class name="in.myntrashopping.testCases.TC_MensItems_TopWear_010">
        <test-method is-config="true" signature="setUp()[pri:0, instance:in.myntrashopping.testCases.TC_MensItems_TopWear_010@56de5251]" started-at="2020-09-01T11:18:27 IST" name="setUp" finished-at="2020-09-01T11:18:31 IST" duration-ms="3615" status="PASS">
          <reporter-output>
          </reporter-output>
        </test-method> <!-- setUp -->
        <test-method signature="MensItems_TopWear()[pri:0, instance:in.myntrashopping.testCases.TC_MensItems_TopWear_010@56de5251]" started-at="2020-09-01T11:18:31 IST" name="MensItems_TopWear" finished-at="2020-09-01T11:19:32 IST" duration-ms="61691" status="PASS">
          <reporter-output>
          </reporter-output>
        </test-method> <!-- MensItems_TopWear -->
        <test-method is-config="true" signature="tearDown()[pri:0, instance:in.myntrashopping.testCases.TC_MensItems_TopWear_010@56de5251]" started-at="2020-09-01T11:19:32 IST" name="tearDown" finished-at="2020-09-01T11:19:35 IST" duration-ms="3001" status="PASS">
          <reporter-output>
          </reporter-output>
        </test-method> <!-- tearDown -->
      </class> <!-- in.myntrashopping.testCases.TC_MensItems_TopWear_010 -->
    </test> <!-- Default test -->
  </suite> <!-- Default suite -->
</testng-results>
